  BulletPhysicsHandler.cpp
  ContentManager.cpp
  Font.cpp
  Shader.cpp
  SoundSystem.cpp
  Texture.cpp
  Game.cpp
  Timer.cpp
  Window.cpp
  EntityCreationHandler.cpp
  Keyboard.cpp
  Mouse.cpp
  SystemEvents.cpp
  Collision2D.cpp
  Physics2DHandler.cpp
  Camera.cpp
  SpriteBatch.cpp
  UIBatch.cpp
  SpriteShaderSource.cpp
  SceneManager.cpp
  Generating Code...
D:\Documents\``Project Alice\Project Alice\AliceEngine\ALC\Physics\Rigidbody2D.hpp(115): warning C4715: 'ALC::Rigidbody2D::GetShape<ALC::CircleShape>': not all control paths return a value
  AliceEngine.vcxproj -> D:\Documents\``Project Alice\Project Alice\Debug\AliceEngine.lib
